[13-Jan-2026 04:08:02 Europe/Berlin] PHP Fatal error:  Uncaught ArgumentCountError: The number of elements in the type definition string must match the number of bind variables in C:\xampp\htdocs\WebApp\BPA\dms\backend\respond_session_request.php:108
Stack trace:
#0 C:\xampp\htdocs\WebApp\BPA\dms\backend\respond_session_request.php(108): mysqli_stmt->bind_param('sssssssi', 'accepted', '', '2026-01-13', '22:06', '23:35', '', 2)
#1 {main}
  thrown in C:\xampp\htdocs\WebApp\BPA\dms\backend\respond_session_request.php on line 108
[13-Jan-2026 04:08:54 Europe/Berlin] PHP Fatal error:  Uncaught ArgumentCountError: The number of elements in the type definition string must match the number of bind variables in C:\xampp\htdocs\WebApp\BPA\dms\backend\respond_session_request.php:108
Stack trace:
#0 C:\xampp\htdocs\WebApp\BPA\dms\backend\respond_session_request.php(108): mysqli_stmt->bind_param('sssssssi', 'accepted', '', '2026-01-13', '00:03', '22:08', '', 2)
#1 {main}
  thrown in C:\xampp\htdocs\WebApp\BPA\dms\backend\respond_session_request.php on line 108
[13-Jan-2026 04:10:23 Europe/Berlin] PHP Fatal error:  Uncaught ArgumentCountError: The number of elements in the type definition string must match the number of bind variables in C:\xampp\htdocs\WebApp\BPA\dms\backend\respond_session_request.php:108
Stack trace:
#0 C:\xampp\htdocs\WebApp\BPA\dms\backend\respond_session_request.php(108): mysqli_stmt->bind_param('sssssssi', 'accepted', '', '2026-01-13', '22:10', '23:24', 'AA', 2)
#1 {main}
  thrown in C:\xampp\htdocs\WebApp\BPA\dms\backend\respond_session_request.php on line 108
[13-Jan-2026 04:13:33 Europe/Berlin] PHP Fatal error:  Uncaught ArgumentCountError: The number of elements in the type definition string must match the number of bind variables in C:\xampp\htdocs\WebApp\BPA\dms\backend\respond_session_request.php:108
Stack trace:
#0 C:\xampp\htdocs\WebApp\BPA\dms\backend\respond_session_request.php(108): mysqli_stmt->bind_param('sssssssi', 'accepted', '', '2026-01-13', '22:13', '23:23', 'A', 3)
#1 {main}
  thrown in C:\xampp\htdocs\WebApp\BPA\dms\backend\respond_session_request.php on line 108
[13-Jan-2026 04:13:46 Europe/Berlin] PHP Fatal error:  Uncaught ArgumentCountError: The number of elements in the type definition string must match the number of bind variables in C:\xampp\htdocs\WebApp\BPA\dms\backend\respond_session_request.php:108
Stack trace:
#0 C:\xampp\htdocs\WebApp\BPA\dms\backend\respond_session_request.php(108): mysqli_stmt->bind_param('sssssssi', 'accepted', '', '2026-01-13', '22:13', '23:23', 'A', 3)
#1 {main}
  thrown in C:\xampp\htdocs\WebApp\BPA\dms\backend\respond_session_request.php on line 108
[13-Jan-2026 04:14:28 Europe/Berlin] PHP Fatal error:  Uncaught ArgumentCountError: The number of elements in the type definition string must match the number of bind variables in C:\xampp\htdocs\WebApp\BPA\dms\backend\respond_session_request.php:108
Stack trace:
#0 C:\xampp\htdocs\WebApp\BPA\dms\backend\respond_session_request.php(108): mysqli_stmt->bind_param('sssssssi', 'accepted', '', '2026-01-13', '22:13', '23:23', 'A', 3)
#1 {main}
  thrown in C:\xampp\htdocs\WebApp\BPA\dms\backend\respond_session_request.php on line 108
[13-Jan-2026 04:15:17 Europe/Berlin] PHP Fatal error:  Uncaught ArgumentCountError: The number of elements in the type definition string must match the number of bind variables in C:\xampp\htdocs\WebApp\BPA\dms\backend\respond_session_request.php:108
Stack trace:
#0 C:\xampp\htdocs\WebApp\BPA\dms\backend\respond_session_request.php(108): mysqli_stmt->bind_param('sssssssi', 'accepted', '', '2026-01-13', '14:03', '16:24', '', 3)
#1 {main}
  thrown in C:\xampp\htdocs\WebApp\BPA\dms\backend\respond_session_request.php on line 108
[13-Jan-2026 04:15:20 Europe/Berlin] PHP Fatal error:  Uncaught ArgumentCountError: The number of elements in the type definition string must match the number of bind variables in C:\xampp\htdocs\WebApp\BPA\dms\backend\respond_session_request.php:108
Stack trace:
#0 C:\xampp\htdocs\WebApp\BPA\dms\backend\respond_session_request.php(108): mysqli_stmt->bind_param('sssssssi', 'accepted', '', '2026-01-13', '14:03', '16:24', '', 3)
#1 {main}
  thrown in C:\xampp\htdocs\WebApp\BPA\dms\backend\respond_session_request.php on line 108
[13-Jan-2026 04:19:21 Europe/Berlin] PHP Fatal error:  Uncaught ArgumentCountError: The number of elements in the type definition string must match the number of bind variables in C:\xampp\htdocs\WebApp\BPA\dms\backend\respond_session_request.php:108
Stack trace:
#0 C:\xampp\htdocs\WebApp\BPA\dms\backend\respond_session_request.php(108): mysqli_stmt->bind_param('sssssssi', 'accepted', '', '2026-01-13', '22:19', '23:23', 'aaa', 3)
#1 {main}
  thrown in C:\xampp\htdocs\WebApp\BPA\dms\backend\respond_session_request.php on line 108
[13-Jan-2026 04:19:32 Europe/Berlin] PHP Fatal error:  Uncaught ArgumentCountError: The number of elements in the type definition string must match the number of bind variables in C:\xampp\htdocs\WebApp\BPA\dms\backend\respond_session_request.php:108
Stack trace:
#0 C:\xampp\htdocs\WebApp\BPA\dms\backend\respond_session_request.php(108): mysqli_stmt->bind_param('sssssssi', 'accepted', '', '2026-01-13', '22:19', '23:23', 'aaa', 3)
#1 {main}
  thrown in C:\xampp\htdocs\WebApp\BPA\dms\backend\respond_session_request.php on line 108
[13-Jan-2026 04:22:19 Europe/Berlin] PHP Fatal error:  Uncaught ArgumentCountError: The number of elements in the type definition string must match the number of bind variables in C:\xampp\htdocs\WebApp\BPA\dms\backend\respond_session_request.php:98
Stack trace:
#0 C:\xampp\htdocs\WebApp\BPA\dms\backend\respond_session_request.php(98): mysqli_stmt->bind_param('sssssssi', 'accepted', '', '2026-01-13', '22:22', '23:23', 'AA', 3)
#1 {main}
  thrown in C:\xampp\htdocs\WebApp\BPA\dms\backend\respond_session_request.php on line 98
[13-Jan-2026 04:23:56 Europe/Berlin] PHP Fatal error:  Uncaught ArgumentCountError: The number of elements in the type definition string must match the number of bind variables in C:\xampp\htdocs\WebApp\BPA\dms\backend\respond_session_request.php:104
Stack trace:
#0 C:\xampp\htdocs\WebApp\BPA\dms\backend\respond_session_request.php(104): mysqli_stmt->bind_param('sssssssi', 'accepted', '', '2026-01-13', '22:25', '23:00', '@#', 3)
#1 {main}
  thrown in C:\xampp\htdocs\WebApp\BPA\dms\backend\respond_session_request.php on line 104
[13-Jan-2026 04:24:47 Europe/Berlin] PHP Fatal error:  Uncaught ArgumentCountError: The number of elements in the type definition string must match the number of bind variables in C:\xampp\htdocs\WebApp\BPA\dms\backend\respond_session_request.php:104
Stack trace:
#0 C:\xampp\htdocs\WebApp\BPA\dms\backend\respond_session_request.php(104): mysqli_stmt->bind_param('sssssssi', 'accepted', '', '2026-01-13', '22:25', '23:25', 'asas', 3)
#1 {main}
  thrown in C:\xampp\htdocs\WebApp\BPA\dms\backend\respond_session_request.php on line 104
[13-Jan-2026 04:26:15 Europe/Berlin] PHP Fatal error:  Uncaught ArgumentCountError: The number of elements in the type definition string must match the number of bind variables in C:\xampp\htdocs\WebApp\BPA\dms\backend\respond_session_request.php:104
Stack trace:
#0 C:\xampp\htdocs\WebApp\BPA\dms\backend\respond_session_request.php(104): mysqli_stmt->bind_param('sssssssi', 'accepted', '', '2026-01-13', '22:32', '23:32', 's', 3)
#1 {main}
  thrown in C:\xampp\htdocs\WebApp\BPA\dms\backend\respond_session_request.php on line 104
[13-Jan-2026 04:28:09 Europe/Berlin] PHP Fatal error:  Uncaught ArgumentCountError: The number of elements in the type definition string must match the number of bind variables in C:\xampp\htdocs\WebApp\BPA\dms\backend\respond_session_request_new.php:84
Stack trace:
#0 C:\xampp\htdocs\WebApp\BPA\dms\backend\respond_session_request_new.php(84): mysqli_stmt->bind_param('sssssssi', 'accepted', '', '2026-01-13', '17:25', '18:25', 'as', 3)
#1 {main}
  thrown in C:\xampp\htdocs\WebApp\BPA\dms\backend\respond_session_request_new.php on line 84
